<?xml version="1.0" encoding="UTF-8"?>
<!-- Generated by org.testng.reporters.JUnitReportReporter -->
<testsuite hostname="salchi-PC" name="Framework.Principal" tests="1" failures="0" timestamp="14 Jan 2013 18:05:26 GMT" time="26.261" errors="0">
  <testcase name="setUp" time="26.261" classname="Framework.Principal"/>
</testsuite> <!-- Framework.Principal -->
