<?xml version="1.0" encoding="UTF-8"?>
<!-- Generated by org.testng.reporters.JUnitReportReporter -->
<testsuite hostname="alejandro" name="Framework.Executor" tests="1" failures="0" timestamp="3 Feb 2014 19:12:07 GMT" time="14.820" errors="0">
  <testcase name="testParse" time="14.820" classname="Framework.Executor"/>
</testsuite> <!-- Framework.Executor -->
